
> project-portfolio@1.0.0 build-storybook
> storybook build --output-dir=C:\Users\PRANSH~1\AppData\Local\Temp\chromatic--15720-cEA56sQFLee9

[1mstorybook v10.0.6
[22m
info => Cleaning outputDir: [36mC:/Users/PRANSH~1/AppData/Local/Temp/chromatic--15720-cEA56sQFLee9[39m
info => Loading presets
info => Building manager..
info => Building preview..
[36mvite v7.2.2 [32mbuilding client environment for production...[36m[39m
transforming...
[32m✓[39m 124 modules transformed.
rendering chunks...
computing gzip size...
[2mC:/Users/PRANSH~1/AppData/Local/Temp/chromatic--15720-cEA56sQFLee9/[22m[32massets/context-C0qIqeS4.png                    [39m[1m[2m  6.12 kB[22m[1m[22m
[2mC:/Users/PRANSH~1/AppData/Local/Temp/chromatic--15720-cEA56sQFLee9/[22m[32massets/styling-Bk6zjRzU.png                    [39m[1m[2m  7.24 kB[22m[1m[22m
[2mC:/Users/PRANSH~1/AppData/Local/Temp/chromatic--15720-cEA56sQFLee9/[22m[32miframe.html                                    [39m[1m[2m 18.14 kB[22m[1m[22m[2m │ gzip:   5.08 kB[22m
[2mC:/Users/PRANSH~1/AppData/Local/Temp/chromatic--15720-cEA56sQFLee9/[22m[32massets/docs---vsFbMi.png                       [39m[1m[2m 27.88 kB[22m[1m[22m
[2mC:/Users/PRANSH~1/AppData/Local/Temp/chromatic--15720-cEA56sQFLee9/[22m[32massets/share-DGA-UcQf.png                      [39m[1m[2m 40.77 kB[22m[1m[22m
[2mC:/Users/PRANSH~1/AppData/Local/Temp/chromatic--15720-cEA56sQFLee9/[22m[32massets/accessibility-W_h2acOZ.png              [39m[1m[2m 42.34 kB[22m[1m[22m
[2mC:/Users/PRANSH~1/AppData/Local/Temp/chromatic--15720-cEA56sQFLee9/[22m[32massets/figma-plugin-CH2hELiO.png               [39m[1m[2m 44.25 kB[22m[1m[22m
[2mC:/Users/PRANSH~1/AppData/Local/Temp/chromatic--15720-cEA56sQFLee9/[22m[32massets/theming-D6WJLNoW.png                    [39m[1m[2m 44.37 kB[22m[1m[22m
[2mC:/Users/PRANSH~1/AppData/Local/Temp/chromatic--15720-cEA56sQFLee9/[22m[32massets/testing-cbzR9l9r.png                    [39m[1m[2m 49.31 kB[22m[1m[22m
[2mC:/Users/PRANSH~1/AppData/Local/Temp/chromatic--15720-cEA56sQFLee9/[22m[32massets/addon-library-BWUCAmyN.png              [39m[1m[2m467.37 kB[22m[1m[22m
[2mC:/Users/PRANSH~1/AppData/Local/Temp/chromatic--15720-cEA56sQFLee9/[22m[35massets/Header-Ck-SSN7O.css                     [39m[1m[2m  0.51 kB[22m[1m[22m[2m │ gzip:   0.30 kB[22m
[2mC:/Users/PRANSH~1/AppData/Local/Temp/chromatic--15720-cEA56sQFLee9/[22m[35massets/Button-B2efaGtC.css                     [39m[1m[2m  0.52 kB[22m[1m[22m[2m │ gzip:   0.29 kB[22m
[2mC:/Users/PRANSH~1/AppData/Local/Temp/chromatic--15720-cEA56sQFLee9/[22m[35massets/Page-CeeQJVdd.css                       [39m[1m[2m  0.91 kB[22m[1m[22m[2m │ gzip:   0.39 kB[22m
[2mC:/Users/PRANSH~1/AppData/Local/Temp/chromatic--15720-cEA56sQFLee9/[22m[36massets/formatter-OMEEQ6HG-CbRGLK-A.js          [39m[1m[2m  0.23 kB[22m[1m[22m[2m │ gzip:   0.20 kB[22m
[2mC:/Users/PRANSH~1/AppData/Local/Temp/chromatic--15720-cEA56sQFLee9/[22m[36massets/Button-DfetVkf1.js                      [39m[1m[2m  0.37 kB[22m[1m[22m[2m │ gzip:   0.25 kB[22m
[2mC:/Users/PRANSH~1/AppData/Local/Temp/chromatic--15720-cEA56sQFLee9/[22m[36massets/index-2V44dYLR.js                       [39m[1m[2m  0.50 kB[22m[1m[22m[2m │ gzip:   0.33 kB[22m
[2mC:/Users/PRANSH~1/AppData/Local/Temp/chromatic--15720-cEA56sQFLee9/[22m[36massets/Header.stories-BVTrlEpl.js              [39m[1m[2m  0.70 kB[22m[1m[22m[2m │ gzip:   0.39 kB[22m
[2mC:/Users/PRANSH~1/AppData/Local/Temp/chromatic--15720-cEA56sQFLee9/[22m[36massets/Header-DIN8LOJ2.js                      [39m[1m[2m  1.16 kB[22m[1m[22m[2m │ gzip:   0.65 kB[22m
[2mC:/Users/PRANSH~1/AppData/Local/Temp/chromatic--15720-cEA56sQFLee9/[22m[36massets/preload-helper-PPVm8Dsz.js              [39m[1m[2m  1.23 kB[22m[1m[22m[2m │ gzip:   0.71 kB[22m
[2mC:/Users/PRANSH~1/AppData/Local/Temp/chromatic--15720-cEA56sQFLee9/[22m[36massets/Button.stories-CDXaH8yY.js              [39m[1m[2m  1.33 kB[22m[1m[22m[2m │ gzip:   0.52 kB[22m
[2mC:/Users/PRANSH~1/AppData/Local/Temp/chromatic--15720-cEA56sQFLee9/[22m[36massets/Page.stories--oJ7OJ9u.js                [39m[1m[2m  3.60 kB[22m[1m[22m[2m │ gzip:   1.60 kB[22m
[2mC:/Users/PRANSH~1/AppData/Local/Temp/chromatic--15720-cEA56sQFLee9/[22m[36massets/Configure-Cg_DPqiI.js                   [39m[1m[2m 25.58 kB[22m[1m[22m[2m │ gzip:  10.96 kB[22m
[2mC:/Users/PRANSH~1/AppData/Local/Temp/chromatic--15720-cEA56sQFLee9/[22m[36mvite-inject-mocker-entry.js                    [39m[1m[2m 28.30 kB[22m[1m[22m[2m │ gzip:   9.84 kB[22m
[2mC:/Users/PRANSH~1/AppData/Local/Temp/chromatic--15720-cEA56sQFLee9/[22m[36massets/Color-64QXVMR3-DmQ9GFfb.js              [39m[1m[2m 31.59 kB[22m[1m[22m[2m │ gzip:  11.93 kB[22m
[2mC:/Users/PRANSH~1/AppData/Local/Temp/chromatic--15720-cEA56sQFLee9/[22m[36massets/syntaxhighlighter-CAVLW7PM-3WBi14Ur.js  [39m[1m[2m 80.78 kB[22m[1m[22m[2m │ gzip:  28.49 kB[22m
[2mC:/Users/PRANSH~1/AppData/Local/Temp/chromatic--15720-cEA56sQFLee9/[22m[36massets/DocsRenderer-HT7GNKAR-B4ntYjLM.js       [39m[1m[2m182.62 kB[22m[1m[22m[2m │ gzip:  57.71 kB[22m
[2mC:/Users/PRANSH~1/AppData/Local/Temp/chromatic--15720-cEA56sQFLee9/[22m[36massets/WithTooltip-SK46ZJ2J-B1wkXmsJ.js        [39m[1m[33m658.16 kB[39m[22m[2m │ gzip: 216.62 kB[22m
[2mC:/Users/PRANSH~1/AppData/Local/Temp/chromatic--15720-cEA56sQFLee9/[22m[36massets/iframe-WX9Xxx7W.js                      [39m[1m[33m876.06 kB[39m[22m[2m │ gzip: 247.23 kB[22m
[32m✓ built in 7.65s[39m
info => Output directory: C:/Users/PRANSH~1/AppData/Local/Temp/chromatic--15720-cEA56sQFLee9
